        2.000000
  6   183.   .344 263.15  262.7  0    .00 1
  5   201.   .515 264.26  556.9  0    .00 1
  5   236.   .515 263.70  556.9  0    .00 1
  6   243.   .413 262.59  287.8  0    .00 1
  7   176.   .085 262.04   47.9  0    .00 1
  6   245.   .413 262.04  287.8  0    .00 1
  5   198.   .450 262.04  520.9  0    .00 1
  4   178.   .408 261.48  922.8  0    .00 1
  4   183.   .681 262.59 1537.9  0    .00 1
  3   143.   .691 263.70 1561.7  0    .00 1
  4   211.   .613 265.37 1384.2  0    .00 1
  2   208.   .203 267.04  457.4  0    .00 1
  2   122.   .313 268.15  706.0  0    .00 1
  3    56.   .461 268.15 1041.1  0    .00 1
  3   117.   .538 268.71 1214.7  0    .00 1
  4    64.   .408 268.71  922.8  0    .00 1
  4    51.   .272 268.71  615.2  0    .00 1
  5    26.   .450 266.48  520.9  0    .00 1
  6    34.   .344 265.93  262.7  0    .00 1
  6    45.   .275 264.26  235.0  0    .00 1
  6    48.   .275 263.15  235.0  0    .00 1
  7    60.   .085 263.70   47.9  0    .00 1
  5    58.   .450 263.70  520.9  0    .00 1
  6    53.   .344 263.15  262.7  0    .00 1
  6   356.   .344 262.59  262.7  0    .00 1
  6    51.   .275 262.04  235.0  0    .00 1
  7    50.   .085 261.48   47.9  0    .00 1
  7    42.   .085 260.37   47.9  0    .00 1
  6   359.   .275 260.93  235.0  0    .00 1
  6     4.   .413 260.93  287.8  0    .00 1
  6     5.   .413 261.48  287.8  0    .00 1
  4     2.   .408 260.37  922.8  0    .00 1
  3    19.   .461 263.15 1041.1  0    .00 1
  3     2.   .615 266.48 1388.2  0    .00 1
  4    15.   .817 269.26 1845.5  0    .00 1
  4    19.   .885 271.48 1999.3  0    .00 1
  4    30.   .885 272.59 1999.3  0    .00 1
  4    18.  1.021 273.15 2000.0  0    .00 1
  4    21.  1.157 273.15 2000.0  0    .00 1
  4    21.  1.089 273.15 2000.0  0    .00 1
  4    11.  1.089 272.59 2000.0  0    .00 1
  4    25.   .885 271.48 1999.3  0    .00 1
  4     6.   .885 271.48 1999.3  0    .00 1
  4    28.   .885 272.04 1999.3  0    .00 1
  4    32.   .749 270.93 1691.7  0    .00 1
  5    16.   .579 269.26  590.7  0    .00 1
  5     9.   .644 269.82  622.6  0    .00 1
  5     6.   .644 269.26  622.6  0    .00 1
  4     8.   .749 270.37 1691.7  0    .00 1
  4    36.   .613 271.48 1384.2  0    .00 1
  4     3.   .885 271.48 1999.3  0    .00 1
  4     8.   .681 272.04 1537.9  0    .00 1
  4    22.   .613 271.48 1384.2  0    .00 1
  5    13.   .450 268.71  520.9  0    .00 1
  6   359.   .413 268.71  287.8  0    .00 1
  4    41.   .408 268.15  922.8  0    .00 1
  3    64.   .307 268.71  694.1  0    .00 1
  3   169.   .461 270.37 1041.1  0    .00 1
  4   174.   .885 270.93 1999.3  0    .00 1
  4   187.   .749 270.93 1691.7  0    .00 1
  4   182.   .749 271.48 1691.7  0    .00 1
  4   185.   .885 272.04 1999.3  0    .00 1
  4   188.   .749 273.15 1691.7  0    .00 1
  4   213.   .817 273.15 1845.5  0    .00 1
  4   200.   .749 273.15 1691.7  0    .00 1
  5   194.   .644 270.93  622.6  0    .00 1
  4   190.   .817 270.37 1845.5  0    .00 1
  4   188.   .749 269.26 1691.7  0    .00 1
  4   200.   .817 268.71 1845.5  0    .00 1
  5   218.   .644 267.59  622.6  0    .00 1
  5   178.   .515 267.04  556.9  0    .00 1
  5   186.   .515 266.48  556.9  0    .00 1
  6   185.   .413 265.37  287.8  0    .00 1
  5   180.   .450 264.82  520.9  0    .00 1
  5   182.   .515 263.70  556.9  0    .00 1
  6   185.   .344 263.15  262.7  0    .00 1
  5   161.   .450 262.04  520.9  0    .00 1
  5   142.   .515 262.04  556.9  0    .00 1
  5   132.   .579 262.59  590.7  0    .00 1
  4   152.   .613 263.70 1384.2  0    .00 1
  4   178.  1.021 265.93 2000.0  0    .00 1
  4   179.  1.157 265.93 2000.0  0    .00 1
  4   211.  1.089 265.93 2000.0  0    .00 1
  4   196.   .885 266.48 1999.3  0    .00 1
  4   203.   .885 266.48 1999.3  0    .00 1
  4   200.   .953 267.04 2000.0  0    .00 1
  4   199.  1.021 266.48 2000.0  0    .00 1
  4   230.   .953 266.48 2000.0  0    .00 1
  4   209.   .817 265.93 1845.5  0    .00 1
  5   202.   .450 264.82  520.9  0    .00 1
  6   235.   .344 264.26  262.7  0    .00 1
  6   230.   .344 263.70  262.7  0    .00 1
  5   253.   .450 262.59  520.9  0    .00 1
  5   236.   .450 262.59  520.9  0    .00 1
  5   242.   .450 263.15  520.9  0    .00 1
  6   239.   .344 262.59  262.7  0    .00 1
  5   269.   .450 262.59  520.9  0    .00 1
  5   252.   .386 262.59  482.3  0    .00 1
  4   248.   .408 262.59  922.8  0    .00 1
  4   270.   .545 262.59 1230.4  0    .00 1
  4   269.   .613 262.59 1384.2  0    .00 1
  4   265.   .681 262.59 1537.9  4    .25 1
  4   247.   .545 262.04 1230.4  4    .25 1
  4   277.   .817 262.04 1845.5  4    .25 1
  4   271.   .749 262.04 1691.7  4    .25 1
  4   286.   .817 262.59 1845.5  0    .00 1
  4   263.   .613 263.70 1384.2  4    .25 1
  4   305.   .613 264.26 1384.2  4    .25 1
  4   302.   .613 264.26 1384.2  4    .25 1
  4   303.   .613 264.82 1384.2  4    .25 1
  4   297.   .545 264.82 1230.4  4    .25 1
  4   264.   .681 264.82 1537.9  0    .00 1
  4   268.   .817 264.82 1845.5  0    .00 1
  4   275.   .613 264.26 1384.2  4    .25 1
  4   269.   .749 263.70 1691.7  4    .25 1
  4   285.   .681 263.15 1537.9  4    .25 1
  4   258.   .749 263.15 1691.7  4    .25 1
  4   258.   .885 263.15 1999.3  4    .25 1
  4   272.   .817 263.15 1845.5  4    .51 1
  4   261.   .681 263.15 1537.9  4    .25 1
  4   277.   .681 263.15 1537.9  4    .25 1
  4   281.   .749 263.15 1691.7  4    .25 1
  4   299.   .817 263.15 1845.5  4    .51 1
  4   280.   .681 263.15 1537.9  4    .25 1
  4   268.  1.021 263.15 2000.0  4    .25 1
  4   282.   .953 263.15 2000.0  4   1.02 1
  4   283.   .885 262.59 1999.3  4    .25 1
  4   285.   .885 262.59 1999.3  4    .25 1
  4   286.   .885 263.15 1999.3  4    .25 1
  4   298.  1.021 263.15 2000.0  4    .25 1
  4   288.  1.089 263.70 2000.0  4    .25 1
  4   277.  1.089 263.70 2000.0  4    .76 1
  4   259.  1.021 263.70 2000.0  4    .51 1
  4   280.  1.021 263.70 2000.0  4    .25 1
  4   272.  1.089 263.70 2000.0  4    .25 1
  4   268.  1.021 263.15 2000.0  4    .25 1
  4   264.  1.089 263.15 2000.0  4    .25 1
  4   265.  1.225 262.59 2000.0  4    .25 1
  4   263.   .953 262.04 2000.0  4    .25 1
  4   270.   .885 262.04 1999.3  4    .51 1
  4   249.   .681 262.04 1537.9  4    .51 1
  4   236.   .817 261.48 1845.5  4    .25 1
  4   263.   .817 261.48 1845.5  5   1.25 1
  4   248.   .681 261.48 1537.9  4    .51 1
  4   246.   .681 261.48 1537.9  4    .25 1
  4   259.   .545 260.93 1230.4  4    .25 1
  4   266.   .749 260.93 1691.7  4    .25 1
  4   236.   .613 260.93 1384.2  4    .25 1
  4   239.   .545 260.93 1230.4  4    .25 1
  4   238.   .613 260.93 1384.2  4    .25 1
  4   207.   .613 260.93 1384.2  4    .25 1
  4   208.   .545 260.37 1230.4  4    .25 1
  4   220.   .681 260.93 1537.9  4    .25 1
  3   229.   .538 260.93 1214.7  0    .00 1
  3   232.   .461 262.04 1041.1  0    .00 1
  3   224.   .461 262.59 1041.1  0    .00 1
  3   216.   .307 264.26  694.1  0    .00 1
  2   185.   .313 264.82  706.0  0    .00 1
  3   157.   .461 264.82 1041.1  0    .00 1
  4   135.   .545 262.59 1230.4  0    .00 1
  4   140.   .408 259.26  922.8  0    .00 1
  6   138.   .413 259.26  287.8  0    .00 1
  6   160.   .275 257.04  235.0  0    .00 1
  6   190.   .344 258.15  262.7  0    .00 1
  6   119.   .275 253.70  235.0  0    .00 1
  7   168.   .085 253.15   47.9  0    .00 1
  6   132.   .275 251.48  235.0  0    .00 1
  6   118.   .275 253.15  235.0  0    .00 1
  7   120.   .055 251.48   38.6  0    .00 1
  7   167.   .085 253.15   47.9  0    .00 1
  7   169.   .055 253.15   38.6  0    .00 1
  7   234.   .085 254.26   47.9  0    .00 1
  7   230.   .055 252.59   38.6  0    .00 1
  7   228.   .055 252.59   38.6  0    .00 1
  7   230.   .055 252.59   38.6  0    .00 1
  4   202.   .272 254.82  615.2  0    .00 1
  2   117.   .313 253.15  706.0  0    .00 1
  3   131.   .307 255.93  694.1  0    .00 1
  3   205.   .384 258.70  867.6  0    .00 1
  3   183.   .461 260.93 1041.1  0    .00 1
  3   170.   .384 262.59  867.6  0    .00 1
  3   182.   .615 264.26 1388.2  0    .00 1
  3   184.   .615 264.26 1388.2  0    .00 1
  4   201.   .681 263.70 1537.9  0    .00 1
  4   201.   .477 263.15 1076.6  0    .00 1
  4   204.   .613 262.04 1384.2  0    .00 1
  4   202.   .749 261.48 1691.7  0    .00 1
  4   215.   .817 260.93 1845.5  0    .00 1
  4   212.   .613 260.93 1384.2  0    .00 1
  5   177.   .450 259.26  520.9  0    .00 1
  5   177.   .515 259.26  556.9  0    .00 1
  5   179.   .644 258.15  622.6  0    .00 1
  5   176.   .579 256.48  590.7  0    .00 1
  4   190.   .613 256.48 1384.2  0    .00 1
  4   196.   .477 257.04 1076.6  0    .00 1
  4   167.   .477 257.59 1076.6  0    .00 1
  4   172.   .545 257.59 1230.4  0    .00 1
  4   181.   .817 256.48 1845.5  0    .00 1
  4   178.   .749 255.93 1691.7  0    .00 1
  4   183.   .613 254.82 1384.2  0    .00 1
  3   176.   .691 255.93 1561.7  0    .00 1
  3   188.   .538 257.04 1214.7  0    .00 1
  3   168.   .461 259.26 1041.1  0    .00 1
  3   184.   .461 262.04 1041.1  0    .00 1
  3   139.   .461 263.15 1041.1  0    .00 1
  3   118.   .461 262.59 1041.1  0    .00 1
  3   122.   .461 262.04 1041.1  0    .00 1
  4    86.   .408 262.04  922.8  0    .00 1
  4   111.   .272 260.93  615.2  0    .00 1
  7   133.   .085 259.26   47.9  0    .00 1
  6   119.   .275 257.04  235.0  0    .00 1
  6   139.   .275 255.37  235.0  0    .00 1
  7   142.   .055 254.26   38.6  0    .00 1
  7   140.   .055 253.15   38.6  0    .00 1
  7   138.   .055 253.15   38.6  0    .00 1
  7   142.   .055 254.82   38.6  0    .00 1
  7   144.   .055 252.59   38.6  0    .00 1
  6    62.   .275 251.48  235.0  0    .00 1
  7    65.   .055 253.15   38.6  0    .00 1
  7    61.   .055 252.04   38.6  0    .00 1
  5    10.   .322 253.70  440.3  0    .00 1
  5     4.   .322 257.04  440.3  0    .00 1
  4     3.   .477 259.26 1076.6  0    .00 1
  4     4.   .545 260.37 1230.4  0    .00 1
  4    24.   .749 262.04 1691.7  0    .00 1
  4    40.   .885 262.59 1999.3  0    .00 1
  4    23.   .953 263.70 2000.0  0    .00 1
  4    38.   .749 264.82 1691.7  0    .00 1
  4    45.   .817 265.93 1845.5  0    .00 1
  4    59.   .885 265.93 1999.3  0    .00 1
  4    40.   .885 266.48 1999.3  0    .00 1
  4    50.  1.021 267.04 2000.0  0    .00 1
  4    17.   .885 267.59 1999.3  0    .00 1
  4    20.   .953 267.59 2000.0  0    .00 1
  4    24.  1.157 268.15 2000.0  0    .00 1
  4    22.  1.294 268.71 2000.0  5   1.25 1
  4    30.  1.225 268.71 2000.0  5   1.25 1
  4    25.  1.021 269.26 2000.0  5   1.25 1
  4    16.  1.225 269.82 2000.0  0    .00 1
  4    33.  1.089 269.82 2000.0  0    .00 1
  4    37.  1.294 269.82 2000.0  0    .00 1
  4    36.   .953 269.82 2000.0  0    .00 1
  4    26.  1.225 270.37 2000.0  0    .00 1
  4    41.  1.225 270.93 2000.0  0    .00 1
  4    29.  1.021 271.48 2000.0  0    .00 1
  4    55.  1.089 271.48 2000.0  0    .00 1
  4    15.  1.294 268.71 2000.0  0    .00 1
  4    15.  1.225 268.15 2000.0  0    .00 1
  4    13.  1.430 268.15 2000.0  0    .00 1
  4    21.  1.498 268.71 2000.0  0    .00 1
  4    15.  1.157 269.82 2000.0  0    .00 1
  4    12.  1.430 271.48 2000.0  0    .00 1
  4    25.  1.430 272.59 2000.0  0    .00 1
  4     8.  1.294 273.15 2000.0  0    .00 1
  4     9.  1.089 273.15 2000.0  0    .00 1
  4     8.  1.498 273.71 2000.0  0    .00 1
  4    17.  1.634 274.26 2000.0  0    .00 1
  4    19.  1.362 274.26 2000.0  0    .00 1
  4    18.  1.498 274.26 2000.0  0    .00 1
  4    20.  1.225 274.26 2000.0  0    .00 1
  4   356.  1.225 273.71 2000.0  0    .00 1
  4    16.  1.362 274.26 2000.0  0    .00 1
  4     4.  1.089 274.26 2000.0  0    .00 1
  4    40.   .953 274.82 2000.0  0    .00 1
  4    23.  1.089 274.82 2000.0  0    .00 1
  4    49.   .885 274.82 1999.3  0    .00 1
  4    57.   .477 273.71 1076.6  0    .00 1
  6    99.   .413 272.59  287.8  0    .00 1
  5   128.   .515 272.59  556.9  0    .00 1
  6   125.   .413 271.48  287.8  0    .00 1
  6   121.   .413 268.71  287.8  0    .00 1
  4   109.   .408 270.37  922.8  0    .00 1
  4   144.   .885 275.37 1999.3  0    .00 1
  4   145.   .953 275.93 2000.0  0    .00 1
  4   180.  1.838 275.37 2000.0  0    .00 1
  4   184.  1.770 272.04 2000.0  0    .00 1
  4   167.  1.634 270.37 2000.0  0    .00 1
  4   173.  1.566 269.26 2000.0  0    .00 1
  4   182.  1.634 269.82 2000.0  0    .00 1
  4   180.  1.566 269.26 2000.0  0    .00 1
  4   182.  1.430 268.71 2000.0  0    .00 1
  4   183.   .817 267.04 1845.5  0    .00 1
  4   182.   .817 266.48 1845.5  0    .00 1
  4   177.   .749 265.37 1691.7  0    .00 1
  5   162.   .644 264.82  622.6  0    .00 1
  5   172.   .450 263.15  520.9  0    .00 1
  5   178.   .515 262.59  556.9  0    .00 1
  5   160.   .515 261.48  556.9  0    .00 1
  5   148.   .515 260.93  556.9  0    .00 1
  5   158.   .515 260.93  556.9  0    .00 1
  7   150.   .085 259.82   47.9  0    .00 1
  7    75.   .085 258.15   47.9  0    .00 1
  6    86.   .413 258.15  287.8  0    .00 1
  5    82.   .515 257.59  556.9  0    .00 1
  6    63.   .344 257.59  262.7  0    .00 1
  4    50.   .340 257.59  769.0  0    .00 1
  3    60.   .538 259.26 1214.7  0    .00 1
  3    56.   .691 263.70 1561.7  0    .00 1
  4    59.   .749 265.93 1691.7  0    .00 1
  4    55.   .885 267.59 1999.3  0    .00 1
  4    46.   .953 268.71 2000.0  0    .00 1
  4    50.   .885 268.71 1999.3  0    .00 1
  4    49.   .817 269.26 1845.5  0    .00 1
  4     8.   .681 268.71 1537.9  0    .00 1
  4   360.   .613 268.15 1384.2  0    .00 1
  5     2.   .515 266.48  556.9  0    .00 1
  5   358.   .515 265.37  556.9  0    .00 1
  5   346.   .515 264.26  556.9  0    .00 1
  5   357.   .644 264.26  622.6  0    .00 1
  5    17.   .644 264.82  622.6  0    .00 1
  4   357.   .749 265.93 1691.7  0    .00 1
  4   359.   .749 265.93 1691.7  0    .00 1
  4   360.   .613 265.93 1384.2  0    .00 1
  4   352.   .681 266.48 1537.9  0    .00 1
  4    12.   .477 268.15 1076.6  0    .00 1
  4   347.   .885 268.71 1999.3  0    .00 1
  4     1.  1.021 269.26 2000.0  0    .00 1
  4    13.   .817 269.26 1845.5  0    .00 1
  4   323.   .545 268.15 1230.4  0    .00 1
  4   357.   .817 268.15 1845.5  0    .00 1
  4   360.  1.021 269.82 2000.0  0    .00 1
  4   358.  1.021 270.37 2000.0  0    .00 1
  4    24.   .953 271.48 2000.0  0    .00 1
  4    54.  1.021 271.48 2000.0  0    .00 1
  4    46.   .817 272.04 1845.5  0    .00 1
  4    53.   .885 272.04 1999.3  0    .00 1
  4    53.   .953 272.04 2000.0  0    .00 1
  4    43.   .545 271.48 1230.4  0    .00 1
  4    64.   .613 271.48 1384.2  0    .00 1
  5   347.   .450 269.26  520.9  0    .00 1
  5    19.   .579 268.15  590.7  0    .00 1
  5    38.   .515 267.59  556.9  0    .00 1
  5    43.   .450 266.48  520.9  0    .00 1
  6    24.   .344 265.93  262.7  0    .00 1
  5    48.   .515 267.04  556.9  0    .00 1
  5    45.   .579 266.48  590.7  0    .00 1
  5    34.   .644 267.04  622.6  0    .00 1
  5    18.   .515 267.04  556.9  0    .00 1
  5   360.   .450 265.93  520.9  0    .00 1
  5    29.   .644 265.93  622.6  0    .00 1
  5    21.   .579 266.48  590.7  0    .00 1
  5     9.   .515 266.48  556.9  0    .00 1
  5    14.   .579 267.04  590.7  0    .00 1
  4    12.   .681 267.59 1537.9  0    .00 1
  4     8.   .749 268.15 1691.7  0    .00 1
  4    14.   .953 270.37 2000.0  0    .00 1
  4     7.  1.021 272.59 2000.0  0    .00 1
  4     8.   .953 273.15 2000.0  0    .00 1
  4    11.  1.157 275.37 2000.0  0    .00 1
  4    12.  1.225 276.48 2000.0  0    .00 1
  4     9.  1.021 277.04 2000.0  0    .00 1
  4     8.  1.157 277.04 2000.0  0    .00 1
  4   359.   .817 277.04 1845.5  0    .00 1
  4    15.   .885 276.48 1999.3  0    .00 1
  4    10.  1.157 276.48 2000.0  0    .00 1
  4   359.   .953 275.93 2000.0  0    .00 1
  4     1.  1.157 277.04 2000.0  0    .00 1
  4   357.  1.634 277.59 2000.0  0    .00 1
  4    11.  1.157 277.04 2000.0  0    .00 1
  4     7.  1.430 277.04 2000.0  0    .00 1
  4    21.  1.566 277.04 2000.0  0    .00 1
  4    26.  1.566 277.59 2000.0  0    .00 1
  4    20.  1.362 277.04 2000.0  0    .00 1
  4    24.  1.294 276.48 2000.0  0    .00 1
  4    13.  1.498 276.48 2000.0  0    .00 1
  4    33.  1.157 276.48 2000.0  0    .00 1
  4    42.   .885 275.93 1999.3  0    .00 1
  4    42.   .885 275.93 1999.3  0    .00 1
  4    42.   .681 275.93 1537.9  0    .00 1
  4    46.   .681 277.04 1537.9  0    .00 1
  4    49.   .681 277.59 1537.9  0    .00 1
  4    91.   .408 278.15  922.8  0    .00 1
  4   116.   .272 279.82  615.2  0    .00 1
  4   197.   .613 280.93 1384.2  0    .00 1
  4   177.   .749 280.37 1691.7  0    .00 1
  4   179.   .681 280.93 1537.9  0    .00 1
  4   193.   .681 279.26 1537.9  0    .00 1
  4   195.   .953 278.71 2000.0  0    .00 1
  4   189.   .749 277.59 1691.7  0    .00 1
  4   179.   .613 277.04 1384.2  0    .00 1
  4   180.   .613 276.48 1384.2  0    .00 1
  6   238.   .413 275.37  287.8  0    .00 1
  5   185.   .257 274.26  393.8  0    .00 1
  5   139.   .322 274.26  440.3  0    .00 1
  6   171.   .413 273.71  287.8  0    .00 1
  6   184.   .413 273.71  287.8  0    .00 1
  6   182.   .275 274.26  235.0  0    .00 1
  5   185.   .257 274.26  393.8  0    .00 1
  4   178.   .340 274.26  769.0  0    .00 1
  4   159.   .477 274.82 1076.6  0    .00 1
  4   183.   .681 274.82 1537.9  0    .00 1
  4   178.   .681 274.82 1537.9  0    .00 1
  4   190.   .477 275.93 1076.6  1   1.00 1
  3   188.   .384 277.04  867.6  0    .00 1
  3   194.   .461 279.26 1041.1  0    .00 1
  2   192.   .203 279.26  457.4  0    .00 1
  2   193.   .203 280.37  457.4  0    .00 1
  2   192.   .203 281.48  457.4  0    .00 1
  2   190.   .203 281.48  457.4  0    .00 1
  3   187.   .149 281.48  337.3  0    .00 1
  4    57.   .545 279.26 1230.4  0    .00 1
  6    27.   .275 277.59  235.0  0    .00 1
  6     8.   .344 274.26  262.7  0    .00 1
  6    18.   .344 274.26  262.7  0    .00 1
  4   338.   .408 274.26  922.8  0    .00 1
  7   358.   .085 273.15   47.9  0    .00 1
  6   318.   .344 273.15  262.7  0    .00 1
  6   305.   .344 272.04  262.7  0    .00 1
  6     3.   .275 271.48  235.0  0    .00 1
  6   348.   .275 271.48  235.0  0    .00 1
  6   268.   .344 271.48  262.7  0    .00 1
  4   297.   .545 273.15 1230.4  0    .00 1
  4   324.   .545 274.26 1230.4  0    .00 1
  4   304.   .545 274.26 1230.4  0    .00 1
  4   325.   .613 275.37 1384.2  0    .00 1
  4   329.   .749 275.93 1691.7  0    .00 1
  4   318.   .817 276.48 1845.5  0    .00 1
  4   308.   .681 279.26 1537.9  0    .00 1
  4   308.   .885 278.71 1999.3  0    .00 1
  4   296.   .681 279.26 1537.9  0    .00 1
  4   345.   .681 279.82 1537.9  0    .00 1
  4   331.   .749 279.82 1691.7  0    .00 1
  4   303.   .681 280.37 1537.9  0    .00 1
  4   295.  1.021 280.93 2000.0  0    .00 1
  4   305.   .817 280.93 1845.5  0    .00 1
  4   286.   .953 280.93 2000.0  0    .00 1
  4   297.   .953 280.37 2000.0  0    .00 1
  4   300.   .953 280.93 2000.0  1   1.00 1
  4   296.  1.021 280.37 2000.0  1   3.81 1
  4   277.  1.021 279.82 2000.0  0    .00 1
  4   297.   .953 278.71 2000.0  0    .00 1
  4   303.   .885 278.71 1999.3  0    .00 1
  4   313.   .681 279.26 1537.9  0    .00 1
  4   303.   .613 279.26 1384.2  0    .00 1
  4   319.   .613 279.26 1384.2  0    .00 1
  4   346.   .681 279.26 1537.9  0    .00 1
  4    42.   .613 278.15 1384.2  0    .00 1
  4    17.   .408 277.59  922.8  1   1.00 1
  4    61.   .613 276.48 1384.2  0    .00 1
  4    64.   .613 275.93 1384.2  0    .00 1
  4    81.   .681 275.37 1537.9  0    .00 1
  4    85.   .681 275.93 1537.9  0    .00 1
  4    70.   .681 276.48 1537.9  0    .00 1
  4    94.   .817 277.59 1845.5  0    .00 1
  4    89.  1.021 277.59 2000.0  0    .00 1
  4    87.   .749 277.04 1691.7  0    .00 1
  4    87.   .749 277.59 1691.7  0    .00 1
  4   115.   .817 276.48 1845.5  0    .00 1
  4   129.  1.021 275.93 2000.0  0    .00 1
  4   139.  1.362 275.37 2000.0  0    .00 1
  4   142.  1.089 275.37 2000.0  1   1.00 1
  4   141.  1.294 274.82 2000.0  1   1.00 1
  4   143.  1.702 272.59 2000.0  4    .25 1
  4   174.  1.702 272.04 2000.0  4    .25 1
  4   170.  1.498 272.04 2000.0  4    .25 1
  4   175.  1.634 271.48 2000.0  4    .25 1
  4   181.  1.838 271.48 2000.0  0    .00 1
  4   172.  1.634 270.93 2000.0  0    .00 1
  4   175.  1.634 271.48 2000.0  0    .00 1
  4   173.  1.634 271.48 2000.0  4    .25 1
  4   170.  1.498 271.48 2000.0  0    .00 1
  4   179.  1.770 271.48 2000.0  0    .00 1
  4   178.  1.498 270.93 2000.0  0    .00 1
  4   178.  1.225 270.37 2000.0  0    .00 1
  4   179.  1.362 270.37 2000.0  0    .00 1
  4   170.  1.362 270.93 2000.0  0    .00 1
  4   175.  1.362 272.59 2000.0  0    .00 1
  4   150.  1.225 272.59 2000.0  0    .00 1
  4   154.  1.362 274.82 2000.0  0    .00 1
  4   163.  1.362 274.82 2000.0  0    .00 1
  4   185.  1.566 274.82 2000.0  0    .00 1
  4   168.  1.225 274.82 2000.0  0    .00 1
  4   184.  1.362 273.71 2000.0  0    .00 1
  4   165.  1.157 272.04 2000.0  0    .00 1
  4   174.  1.089 271.48 2000.0  0    .00 1
  4   176.  1.157 270.37 2000.0  0    .00 1
  4   175.  1.021 269.82 2000.0  0    .00 1
  4   177.   .885 269.26 1999.3  0    .00 1
  5   173.   .644 268.71  622.6  0    .00 1
  4   155.   .749 268.15 1691.7  0    .00 1
  5   167.   .644 267.59  622.6  0    .00 1
  5   177.   .644 266.48  622.6  0    .00 1
  5   169.   .579 265.93  590.7  0    .00 1
  5   175.   .579 265.37  590.7  0    .00 1
  5   174.   .579 264.82  590.7  0    .00 1
  4   169.   .749 264.82 1691.7  0    .00 1
  5   176.   .644 263.70  622.6  0    .00 1
  4   182.   .545 263.70 1230.4  0    .00 1
  4   195.   .681 265.37 1537.9  0    .00 1
  4   183.   .681 266.48 1537.9  0    .00 1
  4   180.   .885 268.15 1999.3  0    .00 1
  3   191.   .538 269.82 1214.7  0    .00 1
  3   211.   .615 271.48 1388.2  0    .00 1
  3   192.   .691 272.59 1561.7  0    .00 1
  3   210.   .691 273.71 1561.7  0    .00 1
  4   186.   .477 273.71 1076.6  0    .00 1
  4   181.   .340 273.15  769.0  0    .00 1
  6   175.   .413 270.93  287.8  0    .00 1
  6   181.   .344 269.82  262.7  0    .00 1
  6   185.   .344 269.26  262.7  0    .00 1
  6   143.   .344 268.15  262.7  0    .00 1
  6   178.   .275 267.59  235.0  0    .00 1
  7   184.   .055 266.48   38.6  0    .00 1
  6   166.   .344 266.48  262.7  0    .00 1
  6    57.   .413 265.93  287.8  0    .00 1
  6   107.   .275 265.93  235.0  0    .00 1
  6   122.   .413 265.93  287.8  0    .00 1
  5    48.   .450 265.37  520.9  0    .00 1
  5   117.   .450 264.82  520.9  0    .00 1
  5   121.   .450 266.48  520.9  0    .00 1
  4   145.   .613 268.15 1384.2  0    .00 1
  4   154.   .817 270.93 1845.5  0    .00 1
  4   149.   .953 272.04 2000.0  0    .00 1
  4   124.   .817 274.26 1845.5  0    .00 1
  4   139.  1.021 275.37 2000.0  0    .00 1
  4   124.   .953 277.04 2000.0  0    .00 1
  4   123.  1.021 278.71 2000.0  0    .00 1
  4   131.  1.294 278.71 2000.0  0    .00 1
  4   140.  1.362 278.15 2000.0  0    .00 1
  4   162.   .953 278.15 2000.0  0    .00 1
  4   149.   .885 277.04 1999.3  0    .00 1
  5   125.   .579 274.82  590.7  0    .00 1
  5   106.   .515 272.59  556.9  0    .00 1
  5   107.   .579 272.59  590.7  0    .00 1
  5    96.   .515 272.04  556.9  0    .00 1
  5   102.   .644 272.04  622.6  0    .00 1
  5    88.   .515 271.48  556.9  0    .00 1
  6    57.   .344 270.37  262.7  0    .00 1
  5    71.   .450 270.37  520.9  0    .00 1
  6    65.   .413 269.26  287.8  0    .00 1
  5    58.   .644 271.48  622.6  0    .00 1
  5    63.   .515 270.93  556.9  0    .00 1
  5    40.   .450 270.37  520.9  0    .00 1
  4    46.   .749 271.48 1691.7  0    .00 1
  5    64.   .515 270.93  556.9  0    .00 1
  4    53.   .545 270.93 1230.4  0    .00 1
  4    26.   .613 272.04 1384.2  0    .00 1
  4   110.   .681 273.15 1537.9  0    .00 1
  4    75.   .817 274.82 1845.5  0    .00 1
  4   116.   .613 276.48 1384.2  0    .00 1
  4   165.   .749 278.71 1691.7  0    .00 1
  4   136.   .681 278.71 1537.9  0    .00 1
  4   128.   .749 279.26 1691.7  0    .00 1
  4   121.   .681 279.26 1537.9  0    .00 1
  4   124.   .613 278.15 1384.2  0    .00 1
  4   174.   .885 278.71 1999.3  0    .00 1
  4   149.   .613 277.04 1384.2  0    .00 1
  4   139.   .749 276.48 1691.7  0    .00 1
  4   130.   .953 277.04 2000.0  0    .00 1
  4   168.  1.225 277.04 2000.0  0    .00 1
  4   180.  1.157 275.37 2000.0  0    .00 1
  4   183.   .885 274.26 1999.3  0    .00 1
  4   184.  1.225 273.15 2000.0  0    .00 1
  4   176.  1.021 272.59 2000.0  0    .00 1
  4   167.   .749 271.48 1691.7  0    .00 1
  5   160.   .644 270.93  622.6  0    .00 1
  5   148.   .515 270.37  556.9  0    .00 1
  4   127.   .749 271.48 1691.7  0    .00 1
  4   127.   .885 272.59 1999.3  0    .00 1
  4   129.   .817 272.04 1845.5  0    .00 1
  4   129.  1.021 273.71 2000.0  0    .00 1
  4   144.  1.089 275.37 2000.0  0    .00 1
  4   153.  1.225 277.59 2000.0  0    .00 1
  4   172.  1.225 279.82 2000.0  0    .00 1
  4   139.  1.225 279.82 2000.0  0    .00 1
  4   131.  1.294 280.37 2000.0  0    .00 1
  4   152.  1.430 278.71 2000.0  0    .00 1
  4   165.  1.089 278.71 2000.0  0    .00 1
  4   163.  1.225 277.04 2000.0  4    .25 1
  4   142.   .817 275.37 1845.5  0    .00 1
  4   126.   .885 275.37 1999.3  0    .00 1
  4   141.  1.021 275.37 2000.0  0    .00 1
  4   148.  1.021 274.26 2000.0  0    .00 1
  4   195.  1.089 273.15 2000.0  0    .00 1
  4   182.  1.498 273.15 2000.0  0    .00 1
  4   185.  1.702 271.48 2000.0  0    .00 1
  4   175.  2.042 269.26 2000.0  0    .00 1
  4   173.  1.974 267.59 2000.0  0    .00 1
  4   169.  1.702 266.48 2000.0  0    .00 1
  4   180.  1.566 265.37 2000.0  0    .00 1
  4   184.  1.566 264.26 2000.0  0    .00 1
  4   168.  1.157 263.70 2000.0  0    .00 1
  4   175.   .749 263.15 1691.7  0    .00 1
  4   172.   .953 263.15 2000.0  0    .00 1
  4   147.  1.225 263.70 2000.0  0    .00 1
  4   162.  1.089 265.37 2000.0  0    .00 1
  4   150.  1.021 266.48 2000.0  0    .00 1
  4   126.   .885 267.59 1999.3  0    .00 1
  4   117.   .885 269.26 1999.3  0    .00 1
  4   139.   .817 269.82 1845.5  0    .00 1
  4   152.   .953 271.48 2000.0  0    .00 1
  4   141.   .885 272.04 1999.3  0    .00 1
  4   145.   .681 271.48 1537.9  0    .00 1
  4   131.   .477 270.93 1076.6  0    .00 1
  7   182.   .085 270.37   47.9  0    .00 1
  5   252.   .450 269.26  520.9  0    .00 1
  4   289.   .613 269.82 1384.2  0    .00 1
  4   298.   .545 269.26 1230.4  0    .00 1
  4   299.   .613 268.71 1384.2  0    .00 1
  4   298.   .545 268.71 1230.4  0    .00 1
  4   281.   .681 268.71 1537.9  0    .00 1
  5   289.   .450 267.59  520.9  0    .00 1
  6   303.   .413 266.48  287.8  0    .00 1
  5   278.   .515 266.48  556.9  0    .00 1
  5   243.   .579 266.48  590.7  0    .00 1
  4   244.   .545 265.37 1230.4  0    .00 1
  4   236.   .545 266.48 1230.4  0    .00 1
  4   234.   .545 265.37 1230.4  0    .00 1
  3   243.   .538 266.48 1214.7  0    .00 1
  3   244.   .384 268.71  867.6  0    .00 1
  2   242.   .203 270.37  457.4  0    .00 1
  3   117.   .384 270.93  867.6  0    .00 1
  3   123.   .615 272.04 1388.2  0    .00 1
  3    79.   .538 273.71 1214.7  0    .00 1
  4    68.   .749 274.82 1691.7  0    .00 1
  4    84.   .681 275.37 1537.9  0    .00 1
  4    63.   .681 275.93 1537.9  0    .00 1
  5    23.   .515 273.71  556.9  0    .00 1
  5    38.   .644 272.04  622.6  0    .00 1
  5    59.   .515 272.59  556.9  0    .00 1
  5    67.   .579 271.48  590.7  0    .00 1
  5   101.   .515 270.93  556.9  0    .00 1
  5   119.   .515 270.93  556.9  0    .00 1
  5   134.   .644 272.04  622.6  0    .00 1
  5   128.   .579 272.59  590.7  0    .00 1
  5   119.   .644 272.59  622.6  0    .00 1
  5   135.   .579 272.59  590.7  0    .00 1
  5   120.   .515 270.93  556.9  0    .00 1
  5   123.   .515 270.37  556.9  0    .00 1
  6    34.   .275 270.37  235.0  0    .00 1
  6   350.   .275 268.15  235.0  0    .00 1
  3    27.   .230 267.59  520.6  0    .00 1
  3    16.   .307 272.04  694.1  0    .00 1
  3    21.   .615 274.82 1388.2  0    .00 1
  3    18.   .691 277.59 1561.7  0    .00 1
  4    19.   .953 279.26 2000.0  0    .00 1
  4    24.   .885 280.93 1999.3  0    .00 1
  4    15.  1.225 282.04 2000.0  0    .00 1
  4    16.  1.157 282.04 2000.0  0    .00 1
  4    19.   .817 282.04 1845.5  0    .00 1
  4    15.   .885 283.15 1999.3  0    .00 1
  5   351.   .579 279.82  590.7  0    .00 1
  5     4.   .644 277.04  622.6  0    .00 1
  4     3.   .749 278.15 1691.7  0    .00 1
  5     2.   .579 275.37  590.7  0    .00 1
  4     8.   .749 276.48 1691.7  0    .00 1
  4    14.   .749 276.48 1691.7  0    .00 1
  5     7.   .644 275.93  622.6  0    .00 1
  4    12.   .613 275.37 1384.2  0    .00 1
  5     6.   .579 274.26  590.7  0    .00 1
  5     3.   .515 273.15  556.9  0    .00 1
  5    19.   .450 273.15  520.9  0    .00 1
  6     1.   .275 273.15  235.0  0    .00 1
  5    12.   .515 271.48  556.9  0    .00 1
  6   359.   .344 271.48  262.7  0    .00 1
  4    20.   .340 270.93  769.0  0    .00 1
  3    50.   .461 274.82 1041.1  0    .00 1
  3    41.   .615 277.59 1388.2  0    .00 1
  4    24.   .681 280.37 1537.9  0    .00 1
  4    31.   .885 282.0